1: package rozdzial18;

2: 

3: import java.io.*;

4: public class BufferedInputFile {

5: 	// Throw exceptions to console:

6: 	public static String

7: 	read(String filename) throws IOException {

8: 		// Reading input by lines:

9: 		BufferedReader in = new BufferedReader(

10: 				new FileReader(filename));

11: 		String s;

12: 		StringBuilder sb = new StringBuilder();

13: 		while((s = in.readLine())!= null)

14: 			sb.append(s + "\n");

15: 		in.close();

16: 		return sb.toString();

17: 	}

18: 	public static void main(String[] args)

19: 			throws IOException {

20: 		System.out.print(read("BufferedInputFile.java"));

21: 	}

22: }

